<?xml version="1.0" encoding="UTF-8"?>
<!-- Generated by org.testng.reporters.JUnitReportReporter -->
<testsuite hostname="Dharshan_jm" failures="0" tests="1" name="org.tyss.flatworld.testverify.TC_03_VerifyPointsOnHoldUnLockTest" time="176.052" errors="0" timestamp="2024-11-05T12:25:15 IST" skipped="0">
  <testcase classname="org.tyss.flatworld.testverify.TC_03_VerifyPointsOnHoldUnLockTest" name="testRun" time="176.052"/>
  <system-out>
    <![CDATA[----LOGIN SUCCESSFULL----
----MENU ICON HAMBURGER ICON CLICK SUCCESSFULL----
----INCENTIVE ADMIN HOME PAGE CLICK SUCCESSFULL----
----USER ADMINISTRATION CLICK SUCCESSFULL----
----PUBLIC USER CLICK OPTION CLICK SUCCESSFULL----
----ADD PUBLIC USER----
----PUBLIC USER ADDED SUCCESSFULLY----
----LMS ADMIN PANEL MENU CLICK SUCCESSFULL----
---- CURRICULUM MANAGER LINK CLICK SUCCESSFULL----
---- CURRICULUM MANAGER ADD CLICK SUCCESSFULL----
---- CURRICULUM NAME AND DESCRIPTION SUCCESSFULL----
---- EXIT FROM CURRICULUM PAGE SUCCESSFULL----
----NAVIGATE TO TRAINING PAGE----
----TRAINING PAGE DATA ADDED SUCCESSFULL----
----SEARCH DATA IN TRAINING COURSE PAGE----
----SEARCH DATA IN TRAINING COURSE PAGE SUCCESSFULL----
----NAVIGATE TO TITLE QUIZ PAGE----
----QUIZ ADDED SUCCESSFULL----
----NAVIGATE TO PUBLIC USER PAGE----
----NAVIGATE TO PUBLIC USER PAGE SEARCH----
----NAVIGATE TO IMPERSONATE USER----
----NAVIGATE TO NEW WINDOW----
----NAVIGATE TO ACADEMY PAGE----
----NAVIGATE TO CURRICULUM PAGE----
----NAVIGATE TO TEST PAGE----
----TEST SUCCESSFULL----
----TEST SUCCESSFULL MESSAGE----Your Score : 100%
----NAVIGATE TO USER ACCOUNT----
----GO TO MANAGE TAX INFORMATION----
----SELECT YEAR----
----UPLOAD FILE----
----MANAGE TAX INFORMATION FILE SAVE COMPLETED----
----GO TO PARENT WINDOW----
----NAVIGATE TO PROGRAM CONFIGURATION----
----SELECT REQUIRED TAX YES----
----PROGRAM CONFIGURATION SUCCESSFULL----
----NAVIGATE TO PUBLIC USER----
----EDIT PUBLIC USER----
----SELECT DOCUMENT----
----EDIT USER SAVE SUCCESSFULL----
----NAVIGATE TO PUBLIC USER----
----NAVIGATE TO IMPERSONATE USER----
----NAVIGATE TO NEW WINDOW----
200 points  : POINTS ON HOLD
-----LOCK IS OPEN-----
-----TEST COMPLETED-----]]>
  </system-out>
</testsuite> <!-- org.tyss.flatworld.testverify.TC_03_VerifyPointsOnHoldUnLockTest -->
