<?xml version="1.0" encoding="UTF-8"?>
<testng-results ignored="0" total="1" passed="1" failed="0" skipped="0">
  <reporter-output>
    <line>
      <![CDATA[----LOGIN SUCCESSFULL----]]>
    </line>
    <line>
      <![CDATA[----MENU ICON HAMBURGER ICON CLICK SUCCESSFULL----]]>
    </line>
    <line>
      <![CDATA[----INCENTIVE ADMIN HOME PAGE CLICK SUCCESSFULL----]]>
    </line>
    <line>
      <![CDATA[----NAVIGATE TO POINTS CREDIT MANAGER----]]>
    </line>
    <line>
      <![CDATA[----CLICK ON ADD CREDIT INVOICE BUTTON----]]>
    </line>
    <line>
      <![CDATA[----ADD CREDIT PAGE SAVE SUCCESSFULL----]]>
    </line>
    <line>
      <![CDATA[----VERIFY IN LIST----]]>
    </line>
    <line>
      <![CDATA[INVOICE NUMBER :1234616]]>
    </line>
    <line>
      <![CDATA[TOTAL POINTS :0]]>
    </line>
    <line>
      <![CDATA[----NAVIGATE TO PUBLIC USER----]]>
    </line>
    <line>
      <![CDATA[----NAVIGATE TO IMPERSONATE USER----]]>
    </line>
    <line>
      <![CDATA[----SWITCH TO NEW WINDOW----]]>
    </line>
    <line>
      <![CDATA[----NAVIGATE TO TRANSACTION LINK----]]>
    </line>
    <line>
      <![CDATA[INVOICW IN TRANSACTION PAGE :123260]]>
    </line>
    <line>
      <![CDATA[POINTS IN TRANSACTION PAGE :0]]>
    </line>
    <line>
      <![CDATA[POINTS ON HOLD :200 points  ]]>
    </line>
    <line>
      <![CDATA[INVOICE IN BOTH LIST AND TRANSACTION PAGE IS NOT MATCHING]]>
    </line>
    <line>
      <![CDATA[POINTS IN BOTH LIST AND TRANSACTION PAGE IS MATCHING]]>
    </line>
  </reporter-output>
  <suite started-at="2024-11-05T19:32:55 IST" name="Default suite" finished-at="2024-11-05T19:33:48 IST" duration-ms="53243">
    <groups>
    </groups>
    <test started-at="2024-11-05T19:32:55 IST" name="Default test" finished-at="2024-11-05T19:33:48 IST" duration-ms="53243">
      <class name="org.tyss.flatworld.testverify.TC_07_VerifyPointsAndListPriceAsNonKohlerSKU0Test">
        <test-method is-config="true" signature="configBeforeClass()[pri:0, instance:org.tyss.flatworld.testverify.TC_07_VerifyPointsAndListPriceAsNonKohlerSKU0Test@4be29ed9]" started-at="2024-11-05T19:32:55 IST" name="configBeforeClass" finished-at="2024-11-05T19:32:58 IST" duration-ms="2707" status="PASS">
          <reporter-output>
          </reporter-output>
        </test-method> <!-- configBeforeClass -->
        <test-method is-config="true" signature="configBeforeMethod(org.testng.ITestResult)[pri:0, instance:org.tyss.flatworld.testverify.TC_07_VerifyPointsAndListPriceAsNonKohlerSKU0Test@4be29ed9]" started-at="2024-11-05T19:32:58 IST" name="configBeforeMethod" finished-at="2024-11-05T19:33:01 IST" duration-ms="3438" status="PASS">
          <params>
            <param index="0">
              <value>
                <![CDATA[[TestResult name={null} status=CREATED method=TC_07_VerifyPointsAndListPriceAsNonKohlerSKU0Test.runTest()[pri:0, instance:org.tyss.flatworld.testverify.TC_07_VerifyPointsAndListPriceAsNonKohlerSKU0Test@4be29ed9] output={null}]]]>
              </value>
            </param>
          </params>
          <reporter-output>
          </reporter-output>
        </test-method> <!-- configBeforeMethod -->
        <test-method signature="runTest()[pri:0, instance:org.tyss.flatworld.testverify.TC_07_VerifyPointsAndListPriceAsNonKohlerSKU0Test@4be29ed9]" started-at="2024-11-05T19:33:01 IST" name="runTest" finished-at="2024-11-05T19:33:48 IST" duration-ms="46873" status="PASS">
          <reporter-output>
            <line>
              <![CDATA[----LOGIN SUCCESSFULL----]]>
            </line>
            <line>
              <![CDATA[----MENU ICON HAMBURGER ICON CLICK SUCCESSFULL----]]>
            </line>
            <line>
              <![CDATA[----INCENTIVE ADMIN HOME PAGE CLICK SUCCESSFULL----]]>
            </line>
            <line>
              <![CDATA[----NAVIGATE TO POINTS CREDIT MANAGER----]]>
            </line>
            <line>
              <![CDATA[----CLICK ON ADD CREDIT INVOICE BUTTON----]]>
            </line>
            <line>
              <![CDATA[----ADD CREDIT PAGE SAVE SUCCESSFULL----]]>
            </line>
            <line>
              <![CDATA[----VERIFY IN LIST----]]>
            </line>
            <line>
              <![CDATA[INVOICE NUMBER :1234616]]>
            </line>
            <line>
              <![CDATA[TOTAL POINTS :0]]>
            </line>
            <line>
              <![CDATA[----NAVIGATE TO PUBLIC USER----]]>
            </line>
            <line>
              <![CDATA[----NAVIGATE TO IMPERSONATE USER----]]>
            </line>
            <line>
              <![CDATA[----SWITCH TO NEW WINDOW----]]>
            </line>
            <line>
              <![CDATA[----NAVIGATE TO TRANSACTION LINK----]]>
            </line>
            <line>
              <![CDATA[INVOICW IN TRANSACTION PAGE :123260]]>
            </line>
            <line>
              <![CDATA[POINTS IN TRANSACTION PAGE :0]]>
            </line>
            <line>
              <![CDATA[POINTS ON HOLD :200 points  ]]>
            </line>
            <line>
              <![CDATA[INVOICE IN BOTH LIST AND TRANSACTION PAGE IS NOT MATCHING]]>
            </line>
            <line>
              <![CDATA[POINTS IN BOTH LIST AND TRANSACTION PAGE IS MATCHING]]>
            </line>
          </reporter-output>
        </test-method> <!-- runTest -->
      </class> <!-- org.tyss.flatworld.testverify.TC_07_VerifyPointsAndListPriceAsNonKohlerSKU0Test -->
    </test> <!-- Default test -->
  </suite> <!-- Default suite -->
</testng-results>
